TN:
SF:src\config\cors.ts
FN:8,(anonymous_0)
FNF:1
FNH:0
FNDA:0,(anonymous_0)
DA:2,0
DA:7,0
DA:9,0
DA:12,0
DA:13,0
DA:17,0
DA:18,0
DA:20,0
LF:8
LH:0
BRDA:12,0,0,0
BRDA:17,1,0,0
BRDA:17,1,1,0
BRF:3
BRH:0
end_of_record
TN:
SF:src\config\database.ts
FN:11,(anonymous_0)
FN:25,(anonymous_1)
FN:30,(anonymous_2)
FN:36,(anonymous_3)
FNF:4
FNH:1
FNDA:4,(anonymous_0)
FNDA:0,(anonymous_1)
FNDA:0,(anonymous_2)
FNDA:0,(anonymous_3)
DA:1,4
DA:2,4
DA:11,4
DA:12,4
DA:18,4
DA:20,4
DA:21,0
DA:25,4
DA:26,0
DA:27,0
DA:30,4
DA:31,0
DA:32,0
DA:33,0
DA:36,4
DA:37,0
DA:38,0
DA:39,0
LF:18
LH:9
BRDA:13,0,0,0
BRDA:13,0,1,4
BRDA:18,1,0,4
BRDA:18,1,1,4
BRDA:20,2,0,0
BRF:5
BRH:3
end_of_record
TN:
SF:src\config\env.ts
FNF:0
FNH:0
DA:1,9
DA:2,9
DA:5,9
DA:8,9
DA:38,9
DA:40,9
DA:41,0
DA:42,0
DA:43,0
DA:47,9
LF:10
LH:7
BRDA:40,0,0,0
BRF:1
BRH:0
end_of_record
TN:
SF:src\config\rateLimit.ts
FNF:0
FNH:0
DA:1,7
DA:11,7
DA:25,7
DA:38,7
LF:4
LH:4
BRF:0
BRH:0
end_of_record
TN:
SF:src\config\swagger.ts
FNF:0
FNH:0
DA:1,7
DA:2,7
DA:4,7
DA:219,7
LF:4
LH:4
BRF:0
BRH:0
end_of_record
TN:
SF:src\constants\error-messages.ts
FNF:0
FNH:0
DA:5,0
LF:1
LH:0
BRF:0
BRH:0
end_of_record
TN:
SF:src\constants\http-status.ts
FNF:0
FNH:0
DA:5,0
DA:24,0
LF:2
LH:0
BRF:0
BRH:0
end_of_record
TN:
SF:src\controllers\ai.controller.ts
FN:7,(anonymous_0)
FN:45,(anonymous_1)
FN:83,(anonymous_2)
FNF:3
FNH:2
FNDA:2,(anonymous_0)
FNDA:1,(anonymous_1)
FNDA:0,(anonymous_2)
DA:2,7
DA:4,7
DA:6,7
DA:8,2
DA:9,2
DA:11,2
DA:12,1
DA:16,1
DA:19,1
DA:21,1
DA:28,0
DA:30,0
DA:31,0
DA:32,0
DA:33,0
DA:34,0
DA:35,0
DA:38,0
DA:46,1
DA:47,1
DA:49,1
DA:50,0
DA:54,0
DA:57,1
DA:58,1
DA:60,1
DA:66,0
DA:68,0
DA:69,0
DA:70,0
DA:71,0
DA:72,0
DA:73,0
DA:76,0
DA:84,0
DA:85,0
DA:87,0
DA:88,0
DA:91,0
DA:94,0
DA:96,0
DA:102,0
DA:104,0
DA:105,0
DA:106,0
DA:107,0
DA:108,0
DA:109,0
DA:112,0
LF:49
LH:16
BRDA:11,0,0,1
BRDA:30,1,0,0
BRDA:30,1,1,0
BRDA:30,2,0,0
BRDA:30,2,1,0
BRDA:30,2,2,0
BRDA:32,3,0,0
BRDA:32,3,1,0
BRDA:32,4,0,0
BRDA:32,4,1,0
BRDA:34,5,0,0
BRDA:49,6,0,0
BRDA:57,7,0,1
BRDA:57,7,1,0
BRDA:68,8,0,0
BRDA:68,8,1,0
BRDA:68,9,0,0
BRDA:68,9,1,0
BRDA:68,9,2,0
BRDA:70,10,0,0
BRDA:70,10,1,0
BRDA:70,11,0,0
BRDA:70,11,1,0
BRDA:72,12,0,0
BRDA:87,13,0,0
BRDA:104,14,0,0
BRDA:104,14,1,0
BRDA:104,15,0,0
BRDA:104,15,1,0
BRDA:104,15,2,0
BRDA:106,16,0,0
BRDA:106,16,1,0
BRDA:106,17,0,0
BRDA:106,17,1,0
BRDA:108,18,0,0
BRF:35
BRH:2
end_of_record
TN:
SF:src\controllers\auth.controller.ts
FN:7,(anonymous_0)
FN:23,(anonymous_1)
FN:39,(anonymous_2)
FN:56,(anonymous_3)
FNF:4
FNH:3
FNDA:2,(anonymous_0)
FNDA:5,(anonymous_1)
FNDA:0,(anonymous_2)
FNDA:2,(anonymous_3)
DA:2,7
DA:4,7
DA:6,7
DA:8,2
DA:9,2
DA:11,1
DA:16,1
DA:24,5
DA:25,5
DA:27,1
DA:32,4
DA:40,0
DA:41,0
DA:42,0
DA:44,0
DA:49,0
DA:57,2
DA:58,2
DA:60,2
DA:61,0
DA:65,0
DA:68,2
DA:70,1
DA:75,1
DA:76,1
LF:25
LH:18
BRDA:60,0,0,0
BRDA:75,1,0,1
BRDA:75,1,1,0
BRDA:75,2,0,1
BRDA:75,2,1,0
BRF:5
BRH:2
end_of_record
TN:
SF:src\controllers\project.controller.ts
FN:7,(anonymous_0)
FN:24,(anonymous_1)
FN:54,(anonymous_2)
FN:74,(anonymous_3)
FN:94,(anonymous_4)
FN:111,(anonymous_5)
FNF:6
FNH:3
FNDA:1,(anonymous_0)
FNDA:2,(anonymous_1)
FNDA:0,(anonymous_2)
FNDA:0,(anonymous_3)
FNDA:0,(anonymous_4)
FNDA:1,(anonymous_5)
DA:2,7
DA:4,7
DA:6,7
DA:8,1
DA:9,1
DA:10,1
DA:12,1
DA:17,0
DA:25,2
DA:26,2
DA:27,2
DA:30,2
DA:31,2
DA:32,2
DA:33,2
DA:35,2
DA:42,2
DA:47,0
DA:55,0
DA:56,0
DA:57,0
DA:58,0
DA:59,0
DA:61,0
DA:66,0
DA:67,0
DA:75,0
DA:76,0
DA:77,0
DA:78,0
DA:79,0
DA:81,0
DA:86,0
DA:87,0
DA:95,0
DA:96,0
DA:97,0
DA:98,0
DA:99,0
DA:101,0
DA:103,0
DA:104,0
DA:112,1
DA:113,1
DA:114,1
DA:115,1
DA:116,1
DA:118,1
DA:123,0
LF:49
LH:22
BRDA:30,0,0,1
BRDA:30,0,1,1
BRDA:31,1,0,1
BRDA:31,1,1,1
BRDA:66,2,0,0
BRDA:66,2,1,0
BRDA:86,3,0,0
BRDA:86,3,1,0
BRDA:103,4,0,0
BRDA:103,4,1,0
BRF:10
BRH:4
end_of_record
TN:
SF:src\controllers\task.controller.ts
FN:7,(anonymous_0)
FN:26,(anonymous_1)
FN:66,(anonymous_2)
FN:86,(anonymous_3)
FN:106,(anonymous_4)
FNF:5
FNH:2
FNDA:1,(anonymous_0)
FNDA:3,(anonymous_1)
FNDA:0,(anonymous_2)
FNDA:0,(anonymous_3)
FNDA:0,(anonymous_4)
DA:2,7
DA:4,7
DA:6,7
DA:8,1
DA:9,1
DA:10,1
DA:11,1
DA:13,0
DA:18,1
DA:19,1
DA:27,3
DA:28,3
DA:29,3
DA:32,3
DA:33,3
DA:34,3
DA:35,3
DA:36,3
DA:37,3
DA:38,3
DA:39,3
DA:40,3
DA:42,3
DA:54,3
DA:59,0
DA:67,0
DA:68,0
DA:69,0
DA:70,0
DA:71,0
DA:73,0
DA:78,0
DA:79,0
DA:87,0
DA:88,0
DA:89,0
DA:90,0
DA:91,0
DA:93,0
DA:98,0
DA:99,0
DA:107,0
DA:108,0
DA:109,0
DA:110,0
DA:111,0
DA:113,0
DA:115,0
DA:116,0
LF:49
LH:23
BRDA:18,0,0,1
BRDA:18,0,1,0
BRDA:32,1,0,1
BRDA:32,1,1,2
BRDA:33,2,0,1
BRDA:33,2,1,2
BRDA:78,3,0,0
BRDA:78,3,1,0
BRDA:98,4,0,0
BRDA:98,4,1,0
BRDA:115,5,0,0
BRDA:115,5,1,0
BRF:12
BRH:5
end_of_record
TN:
SF:src\dtos\auth.dto.ts
FNF:0
FNH:0
DA:1,7
DA:3,7
DA:14,7
DA:19,7
LF:4
LH:4
BRF:0
BRH:0
end_of_record
TN:
SF:src\dtos\project.dto.ts
FNF:0
FNH:0
DA:1,7
DA:6,7
DA:16,7
LF:3
LH:3
BRF:0
BRH:0
end_of_record
TN:
SF:src\dtos\task.dto.ts
FNF:0
FNH:0
DA:1,7
DA:6,7
DA:18,7
LF:3
LH:3
BRF:0
BRH:0
end_of_record
TN:
SF:src\middlewares\auth.middleware.ts
FN:17,(anonymous_0)
FN:43,(anonymous_1)
FN:44,(anonymous_2)
FNF:3
FNH:1
FNDA:13,(anonymous_0)
FNDA:0,(anonymous_1)
FNDA:0,(anonymous_2)
DA:2,7
DA:17,7
DA:18,13
DA:19,13
DA:21,13
DA:22,1
DA:26,1
DA:29,12
DA:31,12
DA:32,12
DA:34,12
DA:36,0
DA:43,7
DA:44,0
DA:45,0
DA:46,0
DA:50,0
DA:53,0
DA:54,0
DA:58,0
DA:61,0
LF:21
LH:12
BRDA:21,0,0,1
BRDA:21,1,0,13
BRDA:21,1,1,12
BRDA:45,2,0,0
BRDA:53,3,0,0
BRF:5
BRH:3
end_of_record
TN:
SF:src\middlewares\rateLimit.middleware.ts
FNF:0
FNH:0
DA:1,7
DA:2,7
DA:11,7
DA:17,7
DA:23,7
LF:5
LH:5
BRF:0
BRH:0
end_of_record
TN:
SF:src\middlewares\requestLogger.middleware.ts
FN:8,(anonymous_0)
FN:18,(anonymous_1)
FNF:2
FNH:0
FNDA:0,(anonymous_0)
FNDA:0,(anonymous_1)
DA:2,0
DA:8,0
DA:9,0
DA:12,0
DA:18,0
DA:19,0
DA:20,0
DA:22,0
DA:23,0
DA:24,0
DA:25,0
DA:27,0
DA:31,0
LF:13
LH:0
BRDA:22,0,0,0
BRDA:22,0,1,0
BRDA:24,1,0,0
BRDA:24,1,1,0
BRF:4
BRH:0
end_of_record
TN:
SF:src\middlewares\validation.middleware.ts
FN:4,(anonymous_0)
FN:5,(anonymous_1)
FNF:2
FNH:2
FNDA:49,(anonymous_0)
FNDA:13,(anonymous_1)
DA:4,7
DA:5,49
DA:6,13
DA:7,13
DA:8,11
DA:10,2
LF:6
LH:6
BRDA:12,0,0,2
BRDA:12,0,1,2
BRF:2
BRH:2
end_of_record
TN:
SF:src\routes\ai.routes.ts
FN:68,(anonymous_0)
FN:126,(anonymous_1)
FN:166,(anonymous_2)
FNF:3
FNH:2
FNDA:2,(anonymous_0)
FNDA:1,(anonymous_1)
FNDA:0,(anonymous_2)
DA:1,7
DA:2,7
DA:3,7
DA:5,7
DA:6,7
DA:9,7
DA:68,7
DA:126,7
DA:166,7
DA:168,7
LF:10
LH:10
BRF:0
BRH:0
end_of_record
TN:
SF:src\routes\auth.routes.ts
FN:46,(anonymous_0)
FN:91,(anonymous_1)
FN:116,(anonymous_2)
FN:143,(anonymous_3)
FNF:4
FNH:3
FNDA:2,(anonymous_0)
FNDA:5,(anonymous_1)
FNDA:2,(anonymous_2)
FNDA:0,(anonymous_3)
DA:1,7
DA:2,7
DA:3,7
DA:4,7
DA:5,7
DA:6,7
DA:8,7
DA:9,7
DA:12,7
DA:46,7
DA:91,7
DA:116,7
DA:117,2
DA:143,7
DA:145,7
LF:15
LH:15
BRF:0
BRH:0
end_of_record
TN:
SF:src\routes\project.routes.ts
FN:50,(anonymous_0)
FN:106,(anonymous_1)
FN:113,(anonymous_2)
FN:120,(anonymous_3)
FN:127,(anonymous_4)
FN:175,(anonymous_5)
FNF:6
FNH:3
FNDA:1,(anonymous_0)
FNDA:2,(anonymous_1)
FNDA:0,(anonymous_2)
FNDA:0,(anonymous_3)
FNDA:0,(anonymous_4)
FNDA:1,(anonymous_5)
DA:1,7
DA:2,7
DA:3,7
DA:4,7
DA:5,7
DA:6,7
DA:8,7
DA:9,7
DA:12,7
DA:50,7
DA:51,1
DA:106,7
DA:113,7
DA:120,7
DA:127,7
DA:175,7
DA:177,7
LF:17
LH:17
BRF:0
BRH:0
end_of_record
TN:
SF:src\routes\task.routes.ts
FN:54,(anonymous_0)
FN:140,(anonymous_1)
FN:163,(anonymous_2)
FN:209,(anonymous_3)
FN:232,(anonymous_4)
FNF:5
FNH:2
FNDA:1,(anonymous_0)
FNDA:3,(anonymous_1)
FNDA:0,(anonymous_2)
FNDA:0,(anonymous_3)
FNDA:0,(anonymous_4)
DA:1,7
DA:2,7
DA:3,7
DA:4,7
DA:5,7
DA:6,7
DA:8,7
DA:9,7
DA:12,7
DA:54,7
DA:55,1
DA:140,7
DA:163,7
DA:209,7
DA:232,7
DA:234,7
LF:16
LH:16
BRF:0
BRH:0
end_of_record
TN:
SF:src\services\ai.service.ts
FN:11,(anonymous_1)
FN:27,(anonymous_2)
FN:174,(anonymous_3)
FN:257,(anonymous_4)
FN:258,(anonymous_5)
FN:305,(anonymous_6)
FNF:6
FNH:1
FNDA:6,(anonymous_1)
FNDA:0,(anonymous_2)
FNDA:0,(anonymous_3)
FNDA:0,(anonymous_4)
FNDA:0,(anonymous_5)
FNDA:0,(anonymous_6)
DA:1,6
DA:2,6
DA:3,6
DA:8,6
DA:12,6
DA:13,0
DA:16,6
DA:28,0
DA:29,0
DA:32,0
DA:33,0
DA:34,0
DA:35,0
DA:36,0
DA:38,0
DA:78,0
DA:95,0
DA:97,0
DA:98,0
DA:103,0
DA:106,0
DA:107,0
DA:108,0
DA:113,0
DA:114,0
DA:116,0
DA:117,0
DA:121,0
DA:122,0
DA:126,0
DA:127,0
DA:128,0
DA:129,0
DA:130,0
DA:134,0
DA:135,0
DA:138,0
DA:140,0
DA:146,0
DA:149,0
DA:150,0
DA:153,0
DA:154,0
DA:157,0
DA:158,0
DA:161,0
DA:162,0
DA:165,0
DA:175,0
DA:176,0
DA:179,0
DA:181,0
DA:210,0
DA:227,0
DA:229,0
DA:230,0
DA:234,0
DA:237,0
DA:238,0
DA:239,0
DA:243,0
DA:244,0
DA:246,0
DA:247,0
DA:251,0
DA:252,0
DA:256,0
DA:257,0
DA:259,0
DA:260,0
DA:270,0
DA:271,0
DA:274,0
DA:276,0
DA:278,0
DA:281,0
DA:282,0
DA:285,0
DA:286,0
DA:289,0
DA:290,0
DA:293,0
DA:294,0
DA:297,0
DA:306,0
DA:307,0
DA:319,0
DA:320,0
DA:322,0
DA:325,0
DA:326,0
DA:329,0
DA:330,0
DA:333,0
LF:94
LH:6
BRDA:12,0,0,0
BRDA:12,1,0,6
BRDA:12,1,1,6
BRDA:97,2,0,0
BRDA:107,3,0,0
BRDA:121,4,0,0
BRDA:121,5,0,0
BRDA:121,5,1,0
BRDA:127,6,0,0
BRDA:127,6,1,0
BRDA:127,7,0,0
BRDA:127,7,1,0
BRDA:129,8,0,0
BRDA:134,9,0,0
BRDA:149,10,0,0
BRDA:149,11,0,0
BRDA:149,11,1,0
BRDA:149,11,2,0
BRDA:153,12,0,0
BRDA:153,13,0,0
BRDA:153,13,1,0
BRDA:153,13,2,0
BRDA:157,14,0,0
BRDA:157,15,0,0
BRDA:157,15,1,0
BRDA:161,16,0,0
BRDA:161,17,0,0
BRDA:161,17,1,0
BRDA:165,18,0,0
BRDA:165,18,1,0
BRDA:174,19,0,0
BRDA:229,20,0,0
BRDA:238,21,0,0
BRDA:251,22,0,0
BRDA:257,23,0,0
BRDA:257,23,1,0
BRDA:257,23,2,0
BRDA:262,24,0,0
BRDA:262,24,1,0
BRDA:263,25,0,0
BRDA:263,25,1,0
BRDA:264,26,0,0
BRDA:264,26,1,0
BRDA:264,27,0,0
BRDA:264,27,1,0
BRDA:270,28,0,0
BRDA:281,29,0,0
BRDA:281,30,0,0
BRDA:281,30,1,0
BRDA:281,30,2,0
BRDA:285,31,0,0
BRDA:285,32,0,0
BRDA:285,32,1,0
BRDA:285,32,2,0
BRDA:289,33,0,0
BRDA:289,34,0,0
BRDA:289,34,1,0
BRDA:293,35,0,0
BRDA:293,36,0,0
BRDA:293,36,1,0
BRDA:297,37,0,0
BRDA:297,37,1,0
BRDA:320,38,0,0
BRDA:320,38,1,0
BRDA:325,39,0,0
BRDA:325,40,0,0
BRDA:325,40,1,0
BRDA:325,40,2,0
BRDA:329,41,0,0
BRDA:329,42,0,0
BRDA:329,42,1,0
BRDA:329,42,2,0
BRDA:333,43,0,0
BRDA:333,43,1,0
BRF:74
BRH:2
end_of_record
TN:
SF:src\services\auth.service.ts
FN:7,(anonymous_1)
FN:48,(anonymous_2)
FN:88,(anonymous_3)
FN:112,(anonymous_4)
FNF:4
FNH:3
FNDA:4,(anonymous_1)
FNDA:8,(anonymous_2)
FNDA:0,(anonymous_3)
FNDA:2,(anonymous_4)
DA:1,8
DA:2,8
DA:3,8
DA:6,8
DA:8,4
DA:12,4
DA:13,2
DA:16,2
DA:18,2
DA:27,2
DA:33,2
DA:39,2
DA:41,2
DA:49,8
DA:53,5
DA:54,2
DA:57,3
DA:58,1
DA:61,2
DA:63,2
DA:64,0
DA:67,2
DA:73,2
DA:79,2
DA:81,2
DA:89,0
DA:102,0
DA:103,0
DA:106,0
DA:113,2
DA:115,2
DA:118,1
DA:128,1
DA:129,0
DA:132,1
DA:133,0
DA:137,1
DA:143,1
DA:149,1
DA:154,1
DA:155,1
DA:157,0
LF:42
LH:34
BRDA:12,0,0,2
BRDA:53,1,0,2
BRDA:57,2,0,1
BRDA:63,3,0,0
BRDA:102,4,0,0
BRDA:128,5,0,0
BRDA:132,6,0,0
BRDA:154,7,0,1
BRF:8
BRH:4
end_of_record
TN:
SF:src\services\project.service.ts
FN:8,(anonymous_0)
FN:37,(anonymous_1)
FN:114,(anonymous_2)
FN:158,(anonymous_3)
FN:202,(anonymous_4)
FN:228,(anonymous_5)
FN:304,(anonymous_6)
FN:311,(anonymous_7)
FNF:8
FNH:6
FNDA:2,(anonymous_0)
FNDA:4,(anonymous_1)
FNDA:2,(anonymous_2)
FNDA:0,(anonymous_3)
FNDA:0,(anonymous_4)
FNDA:2,(anonymous_5)
FNDA:4,(anonymous_6)
FNDA:4,(anonymous_7)
DA:1,8
DA:4,8
DA:9,2
DA:29,2
DA:47,4
DA:48,4
DA:49,4
DA:52,4
DA:55,4
DA:56,0
DA:60,4
DA:61,1
DA:68,4
DA:71,4
DA:98,4
DA:115,2
DA:143,2
DA:144,0
DA:148,2
DA:149,0
DA:152,2
DA:160,0
DA:164,0
DA:165,0
DA:169,0
DA:170,0
DA:174,0
DA:196,0
DA:204,0
DA:208,0
DA:209,0
DA:213,0
DA:214,0
DA:218,0
DA:222,0
DA:230,2
DA:233,2
DA:242,2
DA:251,2
DA:255,2
DA:262,2
DA:270,2
DA:283,2
DA:294,2
DA:296,2
DA:305,4
DA:306,4
DA:312,4
DA:313,4
LF:49
LH:32
BRDA:13,0,0,0
BRDA:13,0,1,2
BRDA:14,1,0,0
BRDA:14,1,1,2
BRDA:47,2,0,3
BRDA:47,2,1,1
BRDA:47,3,0,4
BRDA:47,3,1,3
BRDA:48,4,0,3
BRDA:48,4,1,1
BRDA:48,5,0,4
BRDA:48,5,1,3
BRDA:48,5,2,3
BRDA:52,6,0,2
BRDA:52,6,1,2
BRDA:55,7,0,0
BRDA:60,8,0,1
BRDA:143,9,0,0
BRDA:148,10,0,0
BRDA:148,11,0,2
BRDA:148,11,1,1
BRDA:164,12,0,0
BRDA:169,13,0,0
BRDA:169,14,0,0
BRDA:169,14,1,0
BRDA:180,15,0,0
BRDA:180,15,1,0
BRDA:181,16,0,0
BRDA:181,16,1,0
BRDA:208,17,0,0
BRDA:213,18,0,0
BRDA:213,19,0,0
BRDA:213,19,1,0
BRDA:294,20,0,2
BRDA:294,20,1,0
BRF:35
BRH:17
end_of_record
TN:
SF:src\services\task.service.ts
FN:8,(anonymous_0)
FN:56,(anonymous_1)
FN:150,(anonymous_2)
FN:193,(anonymous_3)
FN:244,(anonymous_4)
FNF:5
FNH:2
FNDA:4,(anonymous_0)
FNDA:5,(anonymous_1)
FNDA:0,(anonymous_2)
FNDA:0,(anonymous_3)
FNDA:0,(anonymous_4)
DA:1,8
DA:4,8
DA:10,4
DA:14,4
DA:15,2
DA:19,2
DA:20,1
DA:24,1
DA:50,1
DA:71,5
DA:72,5
DA:73,5
DA:75,5
DA:78,5
DA:79,0
DA:83,5
DA:84,5
DA:85,5
DA:86,5
DA:89,5
DA:90,1
DA:98,5
DA:99,0
DA:100,0
DA:101,0
DA:103,0
DA:104,0
DA:109,5
DA:112,5
DA:134,5
DA:151,0
DA:175,0
DA:176,0
DA:181,0
DA:183,0
DA:184,0
DA:187,0
DA:194,0
DA:199,0
DA:200,0
DA:205,0
DA:207,0
DA:208,0
DA:211,0
DA:238,0
DA:245,0
DA:250,0
DA:251,0
DA:255,0
DA:257,0
DA:258,0
DA:261,0
DA:265,0
LF:53
LH:24
BRDA:14,0,0,2
BRDA:19,1,0,1
BRDA:19,2,0,2
BRDA:19,2,1,1
BRDA:30,3,0,1
BRDA:30,3,1,0
BRDA:31,4,0,0
BRDA:31,4,1,1
BRDA:71,5,0,3
BRDA:71,5,1,2
BRDA:71,6,0,5
BRDA:71,6,1,3
BRDA:72,7,0,3
BRDA:72,7,1,2
BRDA:72,8,0,5
BRDA:72,8,1,3
BRDA:72,8,2,3
BRDA:78,9,0,0
BRDA:83,10,0,0
BRDA:84,11,0,1
BRDA:85,12,0,2
BRDA:86,13,0,0
BRDA:89,14,0,1
BRDA:91,15,0,1
BRDA:91,15,1,1
BRDA:98,16,0,0
BRDA:98,17,0,5
BRDA:98,17,1,5
BRDA:100,18,0,0
BRDA:103,19,0,0
BRDA:175,20,0,0
BRDA:181,21,0,0
BRDA:181,21,1,0
BRDA:181,21,2,0
BRDA:183,22,0,0
BRDA:199,23,0,0
BRDA:205,24,0,0
BRDA:205,24,1,0
BRDA:205,24,2,0
BRDA:207,25,0,0
BRDA:219,26,0,0
BRDA:219,26,1,0
BRDA:250,27,0,0
BRDA:255,28,0,0
BRDA:255,28,1,0
BRDA:257,29,0,0
BRF:46
BRH:22
end_of_record
TN:
SF:src\utils\date.util.ts
FN:8,(anonymous_0)
FN:15,(anonymous_1)
FN:27,(anonymous_2)
FN:34,(anonymous_3)
FN:41,(anonymous_4)
FN:48,(anonymous_5)
FN:56,(anonymous_6)
FN:65,(anonymous_7)
FNF:8
FNH:0
FNDA:0,(anonymous_0)
FNDA:0,(anonymous_1)
FNDA:0,(anonymous_2)
FNDA:0,(anonymous_3)
FNDA:0,(anonymous_4)
FNDA:0,(anonymous_5)
FNDA:0,(anonymous_6)
FNDA:0,(anonymous_7)
DA:4,0
DA:9,0
DA:16,0
DA:17,0
DA:18,0
DA:20,0
DA:28,0
DA:35,0
DA:42,0
DA:49,0
DA:50,0
DA:57,0
DA:58,0
DA:59,0
DA:66,0
DA:67,0
LF:16
LH:0
BRDA:9,0,0,0
BRDA:9,0,1,0
BRDA:18,1,0,0
BRDA:18,1,1,0
BRF:4
BRH:0
end_of_record
TN:
SF:src\utils\jwt.util.ts
FN:11,(anonymous_9)
FN:18,(anonymous_10)
FN:25,(anonymous_11)
FN:33,(anonymous_12)
FNF:4
FNH:4
FNDA:16,(anonymous_9)
FNDA:3,(anonymous_10)
FNDA:14,(anonymous_11)
FNDA:2,(anonymous_12)
DA:1,8
DA:2,8
DA:10,8
DA:13,16
DA:20,3
DA:26,14
DA:27,14
DA:29,1
DA:34,2
DA:35,2
DA:37,1
LF:11
LH:11
BRF:0
BRH:0
end_of_record
TN:
SF:src\utils\logger.util.ts
FN:8,(anonymous_0)
FN:14,(anonymous_1)
FN:20,(anonymous_2)
FN:24,(anonymous_3)
FN:28,(anonymous_4)
FN:34,(anonymous_5)
FNF:6
FNH:0
FNDA:0,(anonymous_0)
FNDA:0,(anonymous_1)
FNDA:0,(anonymous_2)
FNDA:0,(anonymous_3)
FNDA:0,(anonymous_4)
FNDA:0,(anonymous_5)
DA:1,6
DA:7,6
DA:9,0
DA:10,0
DA:11,0
DA:15,0
DA:16,0
DA:21,0
DA:25,0
DA:29,0
DA:30,0
DA:35,0
DA:36,0
LF:13
LH:2
BRDA:10,0,0,0
BRDA:10,0,1,0
BRDA:15,1,0,0
BRDA:29,2,0,0
BRDA:35,3,0,0
BRF:5
BRH:0
end_of_record
TN:
SF:src\utils\response.util.ts
FN:4,(anonymous_0)
FN:12,(anonymous_1)
FN:20,(anonymous_2)
FN:24,(anonymous_3)
FN:28,(anonymous_4)
FN:32,(anonymous_5)
FN:36,(anonymous_6)
FN:40,(anonymous_7)
FN:44,(anonymous_8)
FNF:9
FNH:0
FNDA:0,(anonymous_0)
FNDA:0,(anonymous_1)
FNDA:0,(anonymous_2)
FNDA:0,(anonymous_3)
FNDA:0,(anonymous_4)
FNDA:0,(anonymous_5)
FNDA:0,(anonymous_6)
FNDA:0,(anonymous_7)
FNDA:0,(anonymous_8)
DA:3,0
DA:5,0
DA:13,0
DA:21,0
DA:25,0
DA:29,0
DA:33,0
DA:37,0
DA:41,0
DA:45,0
LF:10
LH:0
BRDA:4,0,0,0
BRDA:4,1,0,0
BRDA:12,2,0,0
BRDA:16,3,0,0
BRDA:16,3,1,0
BRDA:20,4,0,0
BRDA:24,5,0,0
BRDA:28,6,0,0
BRDA:32,7,0,0
BRDA:40,8,0,0
BRDA:44,9,0,0
BRF:11
BRH:0
end_of_record
